l object 'f511869 com.radium.TestApp/SplashScreen (client)' was disposed without first being removed with the input manager!
09-27 15:47:25.303  4338  4374 F DEBUG   : Cmdline: com.radium.TestApp
09-27 15:47:25.303  4338  4374 F DEBUG   : pid: 4338, tid: 4374, name: SDLThread  >>> com.radium.TestApp <<<
09-27 15:47:25.303  4338  4374 F DEBUG   :       #01 pc 000000000110e999  /data/app/~~CVovMlM_thB3EueAOxANyg==/com.radium.TestApp-RTv9jSX2Cb_Qxse7tk7MlQ==/lib/x86_64/libTestApp.so (BuildId: 10e331e143b3620a5fd3f56cba5fbfe093432f79)
09-27 15:47:25.303  4338  4374 F DEBUG   :       #02 pc 000000000110b116  /data/app/~~CVovMlM_thB3EueAOxANyg==/com.radium.TestApp-RTv9jSX2Cb_Qxse7tk7MlQ==/lib/x86_64/libTestApp.so (std::panicking::rust_panic_with_hook::hb29983abb9c11af9+505) (BuildId: 10e331e143b3620a5fd3f56cba5fbfe093432f79)
09-27 15:47:25.303  4338  4374 F DEBUG   :       #03 pc 000000000110ad25  /data/app/~~CVovMlM_thB3EueAOxANyg==/com.radium.TestApp-RTv9jSX2Cb_Qxse7tk7MlQ==/lib/x86_64/libTestApp.so (BuildId: 10e331e143b3620a5fd3f56cba5fbfe093432f79)
09-27 15:47:25.303  4338  4374 F DEBUG   :       #04 pc 0000000001106ec8  /data/app/~~CVovMlM_thB3EueAOxANyg==/com.radium.TestApp-RTv9jSX2Cb_Qxse7tk7MlQ==/lib/x86_64/libTestApp.so (std::sys::backtrace::__rust_end_short_backtrace::h0b701d9718ffdf76+8) (BuildId: 10e331e143b3620a5fd3f56cba5fbfe093432f79)
09-27 15:47:25.303  4338  4374 F DEBUG   :       #05 pc 000000000110a9ec  /data/app/~~CVovMlM_thB3EueAOxANyg==/com.radium.TestApp-RTv9jSX2Cb_Qxse7tk7MlQ==/lib/x86_64/libTestApp.so (_RNvCsj4CZ6flxxfE_7___rustc17rust_begin_unwind+28) (BuildId: 10e331e143b3620a5fd3f56cba5fbfe093432f79)
09-27 15:47:25.303  4338  4374 F DEBUG   :       #06 pc 000000000114f44c  /data/app/~~CVovMlM_thB3EueAOxANyg==/com.radium.TestApp-RTv9jSX2Cb_Qxse7tk7MlQ==/lib/x86_64/libTestApp.so (core::panicking::panic_nounwind_fmt::h9e9772df27d3b6ba+60) (BuildId: 10e331e143b3620a5fd3f56cba5fbfe093432f79)
09-27 15:47:25.303  4338  4374 F DEBUG   :       #07 pc 000000000114f4e1  /data/app/~~CVovMlM_thB3EueAOxANyg==/com.radium.TestApp-RTv9jSX2Cb_Qxse7tk7MlQ==/lib/x86_64/libTestApp.so (core::panicking::panic_nounwind::hf3501413fe3219c4+65) (BuildId: 10e331e143b3620a5fd3f56cba5fbfe093432f79)
09-27 15:47:25.303  4338  4374 F DEBUG   :       #08 pc 000000000114f6fa  /data/app/~~CVovMlM_thB3EueAOxANyg==/com.radium.TestApp-RTv9jSX2Cb_Qxse7tk7MlQ==/lib/x86_64/libTestApp.so (core::panicking::panic_cannot_unwind::h60e93f6e2d0a1798+19) (BuildId: 10e331e143b3620a5fd3f56cba5fbfe093432f79)
09-27 15:47:25.303  4338  4374 F DEBUG   :       #09 pc 00000000009d82e7  /data/app/~~CVovMlM_thB3EueAOxANyg==/com.radium.TestApp-RTv9jSX2Cb_Qxse7tk7MlQ==/lib/x86_64/libTestApp.so (BuildId: 10e331e143b3620a5fd3f56cba5fbfe093432f79)
09-27 15:47:25.303  4338  4374 F DEBUG   :       #10 pc 00000000009d86aa  /data/app/~~CVovMlM_thB3EueAOxANyg==/com.radium.TestApp-RTv9jSX2Cb_Qxse7tk7MlQ==/lib/x86_64/libTestApp.so (BuildId: 10e331e143b3620a5fd3f56cba5fbfe093432f79)
09-27 15:47:25.303  4338  4374 F DEBUG   :       #11 pc 00000000009daafa  /data/app/~~CVovMlM_thB3EueAOxANyg==/com.radium.TestApp-RTv9jSX2Cb_Qxse7tk7MlQ==/lib/x86_64/libTestApp.so (BuildId: 10e331e143b3620a5fd3f56cba5fbfe093432f79)
09-27 15:47:25.303  4338  4374 F DEBUG   :       #12 pc 00000000009efc24  /data/app/~~CVovMlM_thB3EueAOxANyg==/com.radium.TestApp-RTv9jSX2Cb_Qxse7tk7MlQ==/lib/x86_64/libTestApp.so (wgpuRenderPassEncoderEnd+100) (BuildId: 10e331e143b3620a5fd3f56cba5fbfe093432f79)
09-27 15:47:25.303  4338  4374 F DEBUG   :       #13 pc 00000000009ab427  /data/app/~~CVovMlM_thB3EueAOxANyg==/com.radium.TestApp-RTv9jSX2Cb_Qxse7tk7MlQ==/lib/x86_64/libTestApp.so (Rune::FinishFrame()+39) (BuildId: 10e331e143b3620a5fd3f56cba5fbfe093432f79)
09-27 15:47:25.303  4338  4374 F DEBUG   :       #14 pc 0000000000651c23  /data/app/~~CVovMlM_thB3EueAOxANyg==/com.radium.TestApp-RTv9jSX2Cb_Qxse7tk7MlQ==/lib/x86_64/libTestApp.so (Radium::Application::RunFrame(double)+627) (BuildId: 10e331e143b3620a5fd3f56cba5fbfe093432f79)
09-27 15:47:25.303  4338  4374 F DEBUG   :       #15 pc 0000000000651655  /data/app/~~CVovMlM_thB3EueAOxANyg==/com.radium.TestApp-RTv9jSX2Cb_Qxse7tk7MlQ==/lib/x86_64/libTestApp.so (Radium::Application::Run()+1029) (BuildId: 10e331e143b3620a5fd3f56cba5fbfe093432f79)
09-27 15:47:25.303  4338  4374 F DEBUG   :       #16 pc 000000000062aacd  /data/app/~~CVovMlM_thB3EueAOxANyg==/com.radium.TestApp-RTv9jSX2Cb_Qxse7tk7MlQ==/lib/x86_64/libTestApp.so (SDL_main+77) (BuildId: 10e331e143b3620a5fd3f56cba5fbfe093432f79)
09-27 15:47:25.303  4338  4374 F DEBUG   :       #17 pc 0000000000821261  /data/app/~~CVovMlM_thB3EueAOxANyg==/com.radium.TestApp-RTv9jSX2Cb_Qxse7tk7MlQ==/lib/x86_64/libTestApp.so (Java_org_libsdl_app_SDLActivity_nativeRunMain+801) (BuildId: 10e331e143b3620a5fd3f56cba5fbfe093432f79)
09-27 15:47:25.370   282   336 I ActivityManager: Process com.radium.TestApp (pid 4338) has died: fg  TOP 
09-27 15:47:25.370   282   678 I WindowManager: WIN DEATH: Window{6c47f11 u0 com.radium.TestApp/com.radium.TestApp.RadiumActivity}
09-27 15:47:25.370   282   678 W InputManager-JNI: Input channel object '6c47f11 com.radium.TestApp/com.radium.TestApp.RadiumActivity (client)' was disposed without first being removed with the input manager!
09-27 15:47:25.370   282   679 I WindowManager: WIN DEATH: Window{94bb020 u0 com.radium.TestApp/com.radium.TestApp.RadiumActivity}
09-27 15:47:25.370   282   679 W InputManager-JNI: Input channel object '94bb020 com.radium.TestApp/com.radium.TestApp.RadiumActivity (client)' was disposed without first being removed with the input manager!
09-27 15:47:25.371   282   336 W ActivityTaskManager: Force removing ActivityRecord{4672ea2 u0 com.radium.TestApp/.RadiumActivity} t169}: app died, no saved state
09-27 15:47:25.388   282   360 W InputDispatcher: Not sending touch gesture to c00d897 ActivityRecordInputSink com.radium.TestApp/.RadiumActivity because it is not responsive
09-27 15:47:25.403   282   303 W WindowManager: Failed to deliver inset state change to w=Window{94bb020 u0 com.radium.TestApp/com.radium.TestApp.RadiumActivity EXITING}
09-27 15:47:25.491   282   360 W InputDispatcher: Not sending touch gesture to c00d897 ActivityRecordInputSink com.radium.TestApp/.RadiumActivity because it is not responsive
09-27 15:47:25.499   282   360 W InputDispatcher: Not sending touch gesture to c00d897 ActivityRecordInputSink com.radium.TestApp/.RadiumActivity because it is not responsive
09-27 15:47:25.507   282   360 W InputDispatcher: Not sending touch gesture to c00d897 ActivityRecordInputSink com.radium.TestApp/.RadiumActivity because it is not responsive
09-27 15:47:25.515   282   360 W InputDispatcher: Not sending touch gesture to c00d897 ActivityRecordInputSink com.radium.TestApp/.RadiumActivity because it is not responsive
09-27 15:47:25.523   282   360 W InputDispatcher: Not sending touch gesture to c00d897 ActivityRecordInputSink com.radium.TestApp/.RadiumActivity because it is not responsive
09-27 15:47:25.531   282   360 W InputDispatcher: Not sending touch gesture to c00d897 ActivityRecordInputSink com.radium.TestApp/.RadiumActivity because it is not responsive
09-27 15:47:25.539   282   360 W InputDispatcher: Not sending touch gesture to c00d897 ActivityRecordInputSink com.radium.TestApp/.RadiumActivity because it is not responsive
09-27 15:47:25.547   282   360 W InputDispatcher: Not sending touch gesture to c00d897 ActivityRecordInputSink com.radium.TestApp/.RadiumActivity because it is not responsive
09-27 15:47:25.555   282   360 W InputDispatcher: Not sending touch gesture to c00d897 ActivityRecordInputSink com.radium.TestApp/.RadiumActivity because it is not responsiv